<?xml version="1.0" encoding="UTF-8"?>
<!-- Generated by org.testng.reporters.JUnitReportReporter -->
<testsuite hostname="Sandy" failures="0" tests="1" name="myntraDemoTests.MyntraDemoTests" time="29.472" errors="0" timestamp="2021-12-07T21:00:36 IST" skipped="0">
  <testcase classname="myntraDemoTests.MyntraDemoTests" name="MyntraDemoTest1" time="29.472"/>
  <system-out/>
</testsuite> <!-- myntraDemoTests.MyntraDemoTests -->
